# JRE version: OpenJDK Runtime Environment 18.9 (11.0.14.1+1) (build 11.0.14.1+1)
# Java VM: OpenJDK 64-Bit Server VM 18.9 (11.0.14.1+1, mixed mode, tiered, compressed oops, g1 gc, windows-amd64)
Heap:
 garbage-first heap   total 131072K, used 50245K [0x0000000080e00000, 0x0000000100000000)
  region size 1024K, 44 young (45056K), 4 survivors (4096K)
 Metaspace       used 29520K, capacity 30367K, committed 30592K, reserved 1077248K
  class space    used 3337K, capacity 3680K, committed 3712K, reserved 1048576K
GC Heap History (6 events):
Event: 0.669 GC heap before
{Heap before GC invocations=0 (full 0):
 garbage-first heap   total 131072K, used 24576K [0x0000000080e00000, 0x0000000100000000)
  region size 1024K, 24 young (24576K), 0 survivors (0K)
 Metaspace       used 11698K, capacity 11904K, committed 12032K, reserved 1060864K
  class space    used 1112K, capacity 1184K, committed 1280K, reserved 1048576K
}
Event: 0.673 GC heap after
{Heap after GC invocations=1 (full 0):
 garbage-first heap   total 131072K, used 6240K [0x0000000080e00000, 0x0000000100000000)
  region size 1024K, 3 young (3072K), 3 survivors (3072K)
 Metaspace       used 11698K, capacity 11904K, committed 12032K, reserved 1060864K
  class space    used 1112K, capacity 1184K, committed 1280K, reserved 1048576K
}
Event: 1.253 GC heap before
{Heap before GC invocations=1 (full 0):
 garbage-first heap   total 131072K, used 49248K [0x0000000080e00000, 0x0000000100000000)
  region size 1024K, 47 young (48128K), 3 survivors (3072K)
 Metaspace       used 20752K, capacity 21230K, committed 21296K, reserved 1069056K
  class space    used 2207K, capacity 2416K, committed 2432K, reserved 1048576K
}
Event: 1.259 GC heap after
{Heap after GC invocations=2 (full 0):
 garbage-first heap   total 131072K, used 8257K [0x0000000080e00000, 0x0000000100000000)
  region size 1024K, 5 young (5120K), 5 survivors (5120K)
 Metaspace       used 20752K, capacity 21230K, committed 21296K, reserved 1069056K
  class space    used 2207K, capacity 2416K, committed 2432K, reserved 1048576K
}
Event: 1.763 GC heap before
{Heap before GC invocations=3 (full 0):
 garbage-first heap   total 131072K, used 54337K [0x0000000080e00000, 0x0000000100000000)
  region size 1024K, 50 young (51200K), 5 survivors (5120K)
 Metaspace       used 26011K, capacity 26609K, committed 26752K, reserved 1073152K
  class space    used 2871K, capacity 3121K, committed 3200K, reserved 1048576K
}
Event: 1.767 GC heap after
{Heap after GC invocations=4 (full 0):
 garbage-first heap   total 131072K, used 10309K [0x0000000080e00000, 0x0000000100000000)
  region size 1024K, 4 young (4096K), 4 survivors (4096K)
 Metaspace       used 26011K, capacity 26609K, committed 26752K, reserved 1073152K
  class space    used 2871K, capacity 3121K, committed 3200K, reserved 1048576K
}

