# JRE version: OpenJDK Runtime Environment 18.9 (11.0.14.1+1) (build 11.0.14.1+1)
# Java VM: OpenJDK 64-Bit Server VM 18.9 (11.0.14.1+1, mixed mode, tiered, compressed oops, g1 gc, windows-amd64)
Heap:
 garbage-first heap   total 157696K, used 29275K [0x0000000080e00000, 0x0000000100000000)
  region size 1024K, 14 young (14336K), 7 survivors (7168K)
 Metaspace       used 59796K, capacity 61284K, committed 61488K, reserved 1103872K
  class space    used 7433K, capacity 8042K, committed 8064K, reserved 1048576K
GC Heap History (16 events):
Event: 0.803 GC heap before
{Heap before GC invocations=0 (full 0):
 garbage-first heap   total 131072K, used 24576K [0x0000000080e00000, 0x0000000100000000)
  region size 1024K, 24 young (24576K), 0 survivors (0K)
 Metaspace       used 11680K, capacity 11919K, committed 12032K, reserved 1060864K
  class space    used 1113K, capacity 1184K, committed 1280K, reserved 1048576K
}
Event: 0.806 GC heap after
{Heap after GC invocations=1 (full 0):
 garbage-first heap   total 131072K, used 6163K [0x0000000080e00000, 0x0000000100000000)
  region size 1024K, 3 young (3072K), 3 survivors (3072K)
 Metaspace       used 11680K, capacity 11919K, committed 12032K, reserved 1060864K
  class space    used 1113K, capacity 1184K, committed 1280K, reserved 1048576K
}
Event: 1.452 GC heap before
{Heap before GC invocations=1 (full 0):
 garbage-first heap   total 131072K, used 49171K [0x0000000080e00000, 0x0000000100000000)
  region size 1024K, 47 young (48128K), 3 survivors (3072K)
 Metaspace       used 20681K, capacity 21179K, committed 21296K, reserved 1069056K
  class space    used 2201K, capacity 2415K, committed 2432K, reserved 1048576K
}
Event: 1.457 GC heap after
{Heap after GC invocations=2 (full 0):
 garbage-first heap   total 131072K, used 8195K [0x0000000080e00000, 0x0000000100000000)
  region size 1024K, 5 young (5120K), 5 survivors (5120K)
 Metaspace       used 20681K, capacity 21179K, committed 21296K, reserved 1069056K
  class space    used 2201K, capacity 2415K, committed 2432K, reserved 1048576K
}
Event: 1.927 GC heap before
{Heap before GC invocations=3 (full 0):
 garbage-first heap   total 131072K, used 52227K [0x0000000080e00000, 0x0000000100000000)
  region size 1024K, 48 young (49152K), 5 survivors (5120K)
 Metaspace       used 25763K, capacity 26342K, committed 26672K, reserved 1073152K
  class space    used 2844K, capacity 3108K, committed 3200K, reserved 1048576K
}
Event: 1.932 GC heap after
{Heap after GC invocations=4 (full 0):
 garbage-first heap   total 131072K, used 10234K [0x0000000080e00000, 0x0000000100000000)
  region size 1024K, 4 young (4096K), 4 survivors (4096K)
 Metaspace       used 25763K, capacity 26342K, committed 26672K, reserved 1073152K
  class space    used 2844K, capacity 3108K, committed 3200K, reserved 1048576K
}
Event: 2.856 GC heap before
{Heap before GC invocations=4 (full 0):
 garbage-first heap   total 131072K, used 68602K [0x0000000080e00000, 0x0000000100000000)
  region size 1024K, 61 young (62464K), 4 survivors (4096K)
 Metaspace       used 31380K, capacity 32251K, committed 32304K, reserved 1077248K
  class space    used 3587K, capacity 3952K, committed 3968K, reserved 1048576K
}
Event: 2.862 GC heap after
{Heap after GC invocations=5 (full 0):
 garbage-first heap   total 131072K, used 12463K [0x0000000080e00000, 0x0000000100000000)
  region size 1024K, 7 young (7168K), 7 survivors (7168K)
 Metaspace       used 31380K, capacity 32251K, committed 32304K, reserved 1077248K
  class space    used 3587K, capacity 3952K, committed 3968K, reserved 1048576K
}
Event: 3.305 GC heap before
{Heap before GC invocations=5 (full 0):
 garbage-first heap   total 131072K, used 31919K [0x0000000080e00000, 0x0000000100000000)
  region size 1024K, 27 young (27648K), 7 survivors (7168K)
 Metaspace       used 34769K, capacity 35857K, committed 35888K, reserved 1081344K
  class space    used 4026K, capacity 4476K, committed 4480K, reserved 1048576K
}
Event: 3.314 GC heap after
{Heap after GC invocations=6 (full 0):
 garbage-first heap   total 131072K, used 14170K [0x0000000080e00000, 0x0000000100000000)
  region size 1024K, 6 young (6144K), 6 survivors (6144K)
 Metaspace       used 34769K, capacity 35857K, committed 35888K, reserved 1081344K
  class space    used 4026K, capacity 4476K, committed 4480K, reserved 1048576K
}
Event: 4.378 GC heap before
{Heap before GC invocations=7 (full 0):
 garbage-first heap   total 131072K, used 86874K [0x0000000080e00000, 0x0000000100000000)
  region size 1024K, 75 young (76800K), 6 survivors (6144K)
 Metaspace       used 45633K, capacity 46901K, committed 47024K, reserved 1091584K
  class space    used 5324K, capacity 5834K, committed 5888K, reserved 1048576K
}
Event: 4.385 GC heap after
{Heap after GC invocations=8 (full 0):
 garbage-first heap   total 131072K, used 20180K [0x0000000080e00000, 0x0000000100000000)
  region size 1024K, 9 young (9216K), 9 survivors (9216K)
 Metaspace       used 45633K, capacity 46901K, committed 47024K, reserved 1091584K
  class space    used 5324K, capacity 5834K, committed 5888K, reserved 1048576K
}
Event: 5.587 GC heap before
{Heap before GC invocations=8 (full 0):
 garbage-first heap   total 131072K, used 87764K [0x0000000080e00000, 0x0000000100000000)
  region size 1024K, 76 young (77824K), 9 survivors (9216K)
 Metaspace       used 57778K, capacity 59131K, committed 59440K, reserved 1101824K
  class space    used 7178K, capacity 7727K, committed 7808K, reserved 1048576K
}
Event: 5.595 GC heap after
{Heap after GC invocations=9 (full 0):
 garbage-first heap   total 157696K, used 22297K [0x0000000080e00000, 0x0000000100000000)
  region size 1024K, 8 young (8192K), 8 survivors (8192K)
 Metaspace       used 57778K, capacity 59131K, committed 59440K, reserved 1101824K
  class space    used 7178K, capacity 7727K, committed 7808K, reserved 1048576K
}
Event: 5.696 GC heap before
{Heap before GC invocations=9 (full 0):
 garbage-first heap   total 157696K, used 27417K [0x0000000080e00000, 0x0000000100000000)
  region size 1024K, 14 young (14336K), 8 survivors (8192K)
 Metaspace       used 58789K, capacity 60115K, committed 60240K, reserved 1101824K
  class space    used 7291K, capacity 7843K, committed 7936K, reserved 1048576K
}
Event: 5.703 GC heap after
{Heap after GC invocations=10 (full 0):
 garbage-first heap   total 157696K, used 23131K [0x0000000080e00000, 0x0000000100000000)
  region size 1024K, 7 young (7168K), 7 survivors (7168K)
 Metaspace       used 58789K, capacity 60115K, committed 60240K, reserved 1101824K
  class space    used 7291K, capacity 7843K, committed 7936K, reserved 1048576K
}

